<?xml version="1.0" encoding="UTF-8"?>
<testng-results skipped="0" failed="0" ignored="0" total="1" passed="1">
  <reporter-output>
  </reporter-output>
  <suite name="Default suite" duration-ms="3736" started-at="2022-09-19T13:45:36 IST" finished-at="2022-09-19T13:45:40 IST">
    <groups>
    </groups>
    <test name="Default test" duration-ms="3736" started-at="2022-09-19T13:45:36 IST" finished-at="2022-09-19T13:45:40 IST">
      <class name="com.test.LoginTest">
        <test-method status="PASS" signature="setup()[pri:0, instance:com.test.LoginTest@2f0a87b3]" name="setup" is-config="true" duration-ms="8765" started-at="2022-09-19T13:45:27 IST" finished-at="2022-09-19T13:45:36 IST">
          <reporter-output>
          </reporter-output>
        </test-method> <!-- setup -->
        <test-method status="PASS" signature="test01()[pri:0, instance:com.test.LoginTest@2f0a87b3]" name="test01" duration-ms="3682" started-at="2022-09-19T13:45:36 IST" finished-at="2022-09-19T13:45:40 IST">
          <reporter-output>
          </reporter-output>
        </test-method> <!-- test01 -->
      </class> <!-- com.test.LoginTest -->
    </test> <!-- Default test -->
  </suite> <!-- Default suite -->
</testng-results>
