<?xml version="1.0" encoding="UTF-8"?>
<!-- Generated by org.testng.reporters.JUnitXMLReporter -->
<testsuite hostname="DESKTOP-DNMF2C6" ignored="0" name="Test" tests="1" failures="1" timestamp="2022-08-14T23:25:48 IST" time="1.771" errors="0">
  <testcase name="test01" time="1.26" classname="com.test.LoginTest">
    <failure type="java.lang.AssertionError" message="expected [JavaByKiran | Dashbord] but found [JavaByKiran | Dashboard]">
      <![CDATA[java.lang.AssertionError: expected [JavaByKiran | Dashbord] but found [JavaByKiran | Dashboard]
at com.test.LoginTest.test01(LoginTest.java:22)
at java.util.ArrayList.forEach(ArrayList.java:1249)
... Removed 33 stack frames]]>
    </failure>
  </testcase> <!-- test01 -->
</testsuite> <!-- Test -->
